{
  "RSpec": {
    "coverage": {
      "/Users/yaron/Desktop/wine_com/config/environment.rb": [
        null,
        1,
        null,
        null,
        1
      ],
      "/Users/yaron/Desktop/wine_com/config/application.rb": [
        1,
        null,
        null,
        1,
        1,
        1,
        1,
        null,
        null,
        null,
        null,
        1,
        null,
        1,
        1,
        null,
        null,
        null,
        null,
        null,
        null,
        null,
        null,
        null,
        null,
        null,
        null,
        null
      ],
      "/Users/yaron/Desktop/wine_com/config/boot.rb": [
        null,
        1,
        null,
        1
      ],
      "/Users/yaron/Desktop/wine_com/config/environments/test.rb": [
        1,
        null,
        null,
        null,
        null,
        null,
        null,
        1,
        null,
        null,
        null,
        null,
        1,
        null,
        null,
        1,
        1,
        null,
        null,
        1,
        1,
        null,
        null,
        1,
        null,
        null,
        1,
        null,
        null,
        null,
        null,
        1,
        null,
        null,
        1,
        null,
        1,
        null
      ],
      "/Users/yaron/Desktop/wine_com/config/initializers/backtrace_silencers.rb": [
        null,
        null,
        null,
        null,
        null,
        null,
        null
      ],
      "/Users/yaron/Desktop/wine_com/config/initializers/devise.rb": [
        null,
        null,
        1,
        null,
        null,
        null,
        1,
        null,
        null,
        null,
        null,
        null,
        1,
        null,
        null,
        null,
        null,
        null,
        null,
        null,
        null,
        1,
        null,
        null,
        null,
        null,
        null,
        null,
        null,
        null,
        null,
        null,
        null,
        null,
        null,
        null,
        null,
        null,
        null,
        null,
        null,
        null,
        null,
        1,
        null,
        null,
        null,
        null,
        1,
        null,
        null,
        null,
        null,
        null,
        null,
        null,
        null,
        null,
        null,
        null,
        null,
        null,
        null,
        null,
        null,
        null,
        null,
        null,
        null,
        null,
        null,
        null,
        null,
        null,
        null,
        null,
        null,
        null,
        null,
        1,
        null,
        null,
        null,
        null,
        null,
        null,
        null,
        null,
        null,
        null,
        null,
        null,
        null,
        null,
        1,
        null,
        null,
        null,
        null,
        null,
        null,
        null,
        null,
        null,
        null,
        null,
        null,
        null,
        null,
        null,
        null,
        null,
        null,
        null,
        null,
        null,
        null,
        null,
        null,
        1,
        null,
        null,
        null,
        null,
        null,
        null,
        null,
        null,
        null,
        null,
        null,
        null,
        null,
        null,
        null,
        null,
        null,
        1,
        null,
        null,
        null,
        null,
        null,
        null,
        null,
        null,
        null,
        null,
        null,
        null,
        null,
        null,
        null,
        null,
        null,
        null,
        null,
        null,
        null,
        null,
        null,
        null,
        null,
        null,
        null,
        null,
        null,
        null,
        null,
        null,
        null,
        null,
        null,
        null,
        null,
        null,
        null,
        null,
        null,
        null,
        null,
        null,
        null,
        null,
        null,
        null,
        1,
        null,
        null,
        null,
        null,
        null,
        null,
        null,
        null,
        null,
        null,
        null,
        null,
        null,
        null,
        null,
        null,
        null,
        null,
        null,
        null,
        null,
        null,
        null,
        null,
        null,
        null,
        null,
        null,
        null,
        null,
        null,
        null,
        null,
        null,
        null,
        null,
        null,
        1,
        null,
        null,
        null,
        null,
        null,
        null,
        null,
        null,
        null,
        null,
        null,
        null,
        null,
        null,
        null,
        null,
        null,
        null,
        null,
        null,
        null,
        null,
        null,
        null,
        null,
        null,
        null,
        null,
        null
      ],
      "/Users/yaron/Desktop/wine_com/config/initializers/filter_parameter_logging.rb": [
        null,
        null,
        null,
        1
      ],
      "/Users/yaron/Desktop/wine_com/config/initializers/inflections.rb": [
        null,
        null,
        null,
        null,
        null,
        null,
        null,
        null,
        null,
        null,
        null,
        null,
        null,
        null,
        null,
        null
      ],
      "/Users/yaron/Desktop/wine_com/config/initializers/mime_types.rb": [
        null,
        null,
        null,
        null,
        null
      ],
      "/Users/yaron/Desktop/wine_com/config/initializers/secret_token.rb": [
        null,
        null,
        null,
        null,
        null,
        null,
        null,
        null,
        null,
        null,
        null,
        1
      ],
      "/Users/yaron/Desktop/wine_com/config/initializers/session_store.rb": [
        null,
        null,
        1
      ],
      "/Users/yaron/Desktop/wine_com/config/initializers/smtp.rb": [
        1,
        0,
        null,
        null,
        null,
        null,
        null,
        null,
        null,
        null
      ],
      "/Users/yaron/Desktop/wine_com/config/initializers/wrap_parameters.rb": [
        null,
        null,
        null,
        null,
        null,
        null,
        1,
        1,
        null,
        null,
        null,
        null,
        null,
        null
      ],
      "/Users/yaron/Desktop/wine_com/spec/factories/factories.rb": [
        1,
        1,
        1,
        1,
        1,
        1,
        1,
        1,
        1,
        1,
        1,
        1,
        1,
        null,
        null
      ],
      "/Users/yaron/Desktop/wine_com/config/routes.rb": [
        1,
        1,
        null,
        1,
        null,
        1,
        1,
        null
      ],
      "/Users/yaron/Desktop/wine_com/app/models/user.rb": [
        1,
        null,
        null,
        1,
        null,
        null,
        1,
        1,
        1,
        1,
        null
      ],
      "/Users/yaron/Desktop/wine_com/app/helpers/application_helper.rb": [
        1,
        null
      ],
      "/Users/yaron/Desktop/wine_com/app/models/address.rb": [
        1,
        1,
        null
      ],
      "/Users/yaron/Desktop/wine_com/spec/models/appellation_spec.rb": [
        1,
        null,
        1,
        2,
        2,
        null,
        null,
        1,
        2,
        2,
        null
      ],
      "/Users/yaron/Desktop/wine_com/app/models/appellation.rb": [
        1,
        1,
        1,
        null,
        1,
        1,
        null
      ],
      "/Users/yaron/Desktop/wine_com/spec/models/cart_spec.rb": [
        1,
        null,
        1,
        2,
        2,
        null,
        null,
        1,
        2,
        null
      ],
      "/Users/yaron/Desktop/wine_com/app/models/cart.rb": [
        1,
        1,
        1,
        null,
        1,
        null
      ],
      "/Users/yaron/Desktop/wine_com/spec/models/factories_spec.rb": [
        1,
        null,
        1,
        1,
        1,
        1,
        null,
        0,
        0,
        null,
        null,
        null,
        null,
        1,
        1,
        0,
        0,
        null,
        0,
        0,
        null,
        null,
        null,
        null,
        null
      ],
      "/Users/yaron/Desktop/wine_com/spec/models/grape_spec.rb": [
        1,
        null,
        1,
        2,
        null,
        null,
        1,
        2,
        null
      ],
      "/Users/yaron/Desktop/wine_com/app/models/grape.rb": [
        1,
        1,
        null,
        1,
        null
      ],
      "/Users/yaron/Desktop/wine_com/spec/models/region_spec.rb": [
        1,
        null,
        1,
        2,
        2,
        null,
        null,
        1,
        2,
        null
      ],
      "/Users/yaron/Desktop/wine_com/app/models/region.rb": [
        1,
        1,
        1,
        null,
        1,
        null
      ],
      "/Users/yaron/Desktop/wine_com/spec/models/user_spec.rb": [
        1,
        null,
        1,
        2,
        2,
        2,
        2,
        null,
        null,
        1,
        null
      ],
      "/Users/yaron/Desktop/wine_com/spec/models/wine_spec.rb": [
        1,
        null,
        1,
        2,
        2,
        2,
        null,
        null,
        1,
        2,
        2,
        2,
        2,
        null
      ],
      "/Users/yaron/Desktop/wine_com/app/models/wine.rb": [
        1,
        1,
        1,
        null,
        1,
        null,
        1,
        1,
        1,
        1,
        null,
        1,
        0,
        null,
        null,
        1,
        0,
        null,
        null,
        null
      ],
      "/Users/yaron/Desktop/wine_com/spec/models/winery_spec.rb": [
        1,
        null,
        1,
        2,
        2,
        2,
        null,
        null,
        1,
        2,
        2,
        2,
        null
      ],
      "/Users/yaron/Desktop/wine_com/app/models/winery.rb": [
        1,
        1,
        null,
        1,
        1,
        null,
        1,
        1,
        1,
        null,
        null
      ],
      "/Users/yaron/Desktop/wine_com/app/models/order.rb": [
        1,
        1,
        1,
        null
      ],
      "/Users/yaron/Desktop/wine_com/app/models/subscription.rb": [
        1,
        1,
        null
      ],
      "/Users/yaron/Desktop/wine_com/app/models/purchase.rb": [
        1,
        null
      ]
    },
    "timestamp": 1391904442
  }
}
